
SQL*Loader: Release 19.0.0.0.0 - Production on 月 8月 18 05:01:25 2025
Version 19.3.0.0.0

Copyright (c) 1982, 2019, Oracle and/or its affiliates.  All rights reserved.

制御ファイル:    control_file.ctl
データファイルimport_utf_ken_all.csv
  不良ファイル:  bad_file.bad
  廃棄ファイル:  指定なし

 (すべて廃棄できます)

ロード数: ALL
スキップ数: 0
許容エラー数: 50
バインド配列:    250行、最大1048576バイト
継続文字:    指定なし
使用パス:      従来型

表POSTAL_CODES、 ロード済 すべての論理レコードから
この表に対する有効な挿入オプション: REPLACE

   列名                  位置   長さ  用語暗号化データ型
------------------------------ ---------- ----- ---- ---- ---------------------
POSTAL_CODE                        FIRST    *  , O(")CHARACTER            
PREFECTURE_NAME_KANA                NEXT    *  , O(")CHARACTER            
CITY_NAME_KANA                      NEXT    *  , O(")CHARACTER            
TOWN_NAME_KANA                      NEXT  906  , O(")CHARACTER            
PREFECTURE_NAME                     NEXT    *  , O(")CHARACTER            
CITY_NAME                           NEXT    *  , O(")CHARACTER            
TOWN_NAME                           NEXT  891  , O(")CHARACTER            


表POSTAL_CODES:
  124486 行は正常にロードされました。
  0 行はデータ・エラーのためロードされませんでした。
  0 行は、すべてのWHEN句が失敗したためロードされませんでした。
  0 行はすべてのフィールドがNULLであったためロードされませんでした。


バインド配列に割り当てられた領域:   773000バイト(250行)
読取りバッファのバイト数:  1048576

スキップされた論理レコードの合計:          0
読み込まれた論理レコードの合計:        124486
拒否された論理レコードの合計:               0
廃棄された論理レコードの合計:        0

実行開始月 8月  18 05:01:25 2025
実行終了月 8月  18 05:01:31 2025

実行時間:        00: 00: 05.64
CPU時間 :        00: 00: 00.94
